2025-05-19 15:30:29,067 - ERROR - base_optimizer.py - log_message - 62 - Penalizing due to low trade count: 0 for params {'rsi_period': 15, 'rsi_entry_long_level': 31.82701078492973, 'rsi_entry_short_level': 63.34723520939799, 'rsi_exit_long_level': 81.47844475874831, 'rsi_exit_short_level': 23.51440811480903, 'st_period': 14, 'st_multiplier': 3.103502364558088, 'vol_ma_period': 19, 'atr_period': 19, 'tp_atr_mult': 4.341044941036528, 'sl_atr_mult': 2.236308318712622, 'time_based_exit_period': 5}
2025-05-19 15:30:37,206 - ERROR - base_optimizer.py - log_message - 62 - Penalizing due to low trade count: 3 for params {'rsi_period': 15, 'rsi_entry_long_level': 35.867665569905824, 'rsi_entry_short_level': 68.9993769719766, 'rsi_exit_long_level': 70.62926954513861, 'rsi_exit_short_level': 17.941591831946756, 'st_period': 12, 'st_multiplier': 1.7842814292092783, 'vol_ma_period': 24, 'atr_period': 9, 'tp_atr_mult': 3.8526220523263257, 'sl_atr_mult': 0.6477664435328241, 'time_based_exit_period': 14}
2025-05-19 21:14:34,125 - ERROR - base_optimizer.py - log_message - 62 - No optimization results generated.
2025-05-20 08:27:31,347 - ERROR - base_optimizer.py - log_message - 63 - No optimization results generated.
2025-05-20 08:31:07,072 - ERROR - base_optimizer.py - log_message - 63 - No optimization results generated.
2025-05-20 11:40:02,816 - ERROR - base_optimizer.py - log_message - 67 - Error calculating sqn_pct/cagr: ['pnl_comm']
2025-05-20 11:58:37,855 - ERROR - base_optimizer.py - log_message - 67 - Error calculating sqn_pct/cagr: ['pnl_comm']
2025-05-20 12:51:02,112 - ERROR - base_optimizer.py - log_message - 146 - Error calculating sqn_pct/cagr: ['pnl_comm']
2025-05-20 13:24:50,177 - ERROR - base_optimizer.py - log_message - 146 - Error calculating sqn_pct/cagr: ['pnl_comm']
2025-05-20 14:27:51,107 - ERROR - base_optimizer.py - log_message - 146 - Error calculating sqn_pct/cagr: ['pnl_comm']
2025-05-20 17:45:55,306 - ERROR - base_optimizer.py - log_message - 146 - Error during optimization for LTCUSDT_4h_20240501_20250501.csv: 'Lines_LineSeries_LineSeriesStub' object has no attribute 'high'
2025-05-20 17:45:55,313 - ERROR - base_optimizer.py - log_message - 146 - Traceback (most recent call last):
  File "C:\dev\cursor\crypto-trading\src\optimizer\base_optimizer.py", line 335, in optimize_single_file
    plot_path = self.plot_results(self.current_data.copy(), trades_df, best_params, data_file)
  File "c:\dev\cursor\crypto-trading\src\optimizer\ichimoku_rsi_atr_volume_optimizer.py", line 53, in plot_results
    ichimoku = bt.ind.Ichimoku(
        pd.Series(data['close']),
    ...<2 lines>...
        senkou=params['senkou_span_b_period']
    )
  File "c:\dev\cursor\crypto-trading\.venv\Lib\site-packages\backtrader\indicator.py", line 53, in __call__
    return super(MetaIndicator, cls).__call__(*args, **kwargs)
           ~~~~~~~~~~~~~~~~~~~~~~~~~~~~~~~~~~^^^^^^^^^^^^^^^^^
  File "c:\dev\cursor\crypto-trading\.venv\Lib\site-packages\backtrader\metabase.py", line 88, in __call__
    _obj, args, kwargs = cls.doinit(_obj, *args, **kwargs)
                         ~~~~~~~~~~^^^^^^^^^^^^^^^^^^^^^^^
  File "c:\dev\cursor\crypto-trading\.venv\Lib\site-packages\backtrader\metabase.py", line 78, in doinit
    _obj.__init__(*args, **kwargs)
    ~~~~~~~~~~~~~^^^^^^^^^^^^^^^^^
  File "c:\dev\cursor\crypto-trading\.venv\Lib\site-packages\backtrader\indicators\ichimoku.py", line 68, in __init__
    hi_tenkan = Highest(self.data.high, period=self.p.tenkan)
                        ^^^^^^^^^^^^^^
  File "c:\dev\cursor\crypto-trading\.venv\Lib\site-packages\backtrader\lineseries.py", line 461, in __getattr__
    return getattr(self.lines, name)
AttributeError: 'Lines_LineSeries_LineSeriesStub' object has no attribute 'high'

2025-05-20 17:45:55,315 - ERROR - base_optimizer.py - log_message - 146 - No optimization results generated.
2025-05-20 19:17:59,869 - ERROR - base_optimizer.py - log_message - 146 - Error calculating sqn_pct/cagr: ['pnl_comm']
2025-05-20 21:32:17,889 - ERROR - base_optimizer.py - log_message - 146 - Error calculating sqn_pct/cagr: ['pnl_comm']
2025-05-21 07:50:34,619 - ERROR - base_optimizer.py - log_message - 146 - Error calculating sqn_pct/cagr: ['pnl_comm']
2025-05-21 08:08:38,890 - ERROR - base_optimizer.py - log_message - 146 - Error during optimization for LTCUSDT_4h_20240501_20250501.csv: 'Lines_LineSeries_LineSeriesStub' object has no attribute 'high'
2025-05-21 08:08:38,958 - ERROR - base_optimizer.py - log_message - 146 - Traceback (most recent call last):
  File "C:\dev\cursor\crypto-trading\src\optimizer\base_optimizer.py", line 335, in optimize_single_file
    plot_path = self.plot_results(self.current_data.copy(), trades_df, best_params, data_file)
  File "c:\dev\cursor\crypto-trading\src\optimizer\ichimoku_rsi_atr_volume_optimizer.py", line 51, in plot_results
    ichimoku = bt.ind.Ichimoku(
        pd.Series(data['close']),
    ...<2 lines>...
        senkou=params['senkou_span_b_period']
    )
  File "c:\dev\cursor\crypto-trading\.venv\Lib\site-packages\backtrader\indicator.py", line 53, in __call__
    return super(MetaIndicator, cls).__call__(*args, **kwargs)
           ~~~~~~~~~~~~~~~~~~~~~~~~~~~~~~~~~~^^^^^^^^^^^^^^^^^
  File "c:\dev\cursor\crypto-trading\.venv\Lib\site-packages\backtrader\metabase.py", line 88, in __call__
    _obj, args, kwargs = cls.doinit(_obj, *args, **kwargs)
                         ~~~~~~~~~~^^^^^^^^^^^^^^^^^^^^^^^
  File "c:\dev\cursor\crypto-trading\.venv\Lib\site-packages\backtrader\metabase.py", line 78, in doinit
    _obj.__init__(*args, **kwargs)
    ~~~~~~~~~~~~~^^^^^^^^^^^^^^^^^
  File "c:\dev\cursor\crypto-trading\.venv\Lib\site-packages\backtrader\indicators\ichimoku.py", line 68, in __init__
    hi_tenkan = Highest(self.data.high, period=self.p.tenkan)
                        ^^^^^^^^^^^^^^
  File "c:\dev\cursor\crypto-trading\.venv\Lib\site-packages\backtrader\lineseries.py", line 461, in __getattr__
    return getattr(self.lines, name)
AttributeError: 'Lines_LineSeries_LineSeriesStub' object has no attribute 'high'

2025-05-21 08:08:38,961 - ERROR - base_optimizer.py - log_message - 146 - No optimization results generated.
2025-05-21 08:27:42,374 - ERROR - base_optimizer.py - log_message - 146 - Error calculating sqn_pct/cagr: ['pnl_comm']
2025-05-21 10:04:17,832 - ERROR - base_optimizer.py - log_message - 149 - Error calculating sqn_pct/cagr: ['pnl_comm']
2025-05-21 11:15:57,008 - ERROR - base_optimizer.py - log_message - 149 - Error calculating sqn_pct/cagr: ['pnl_comm']
2025-05-21 15:12:38,286 - ERROR - base_optimizer.py - log_message - 149 - Error calculating sqn_pct/cagr: ['pnl_comm']
2025-05-21 23:20:44,463 - ERROR - base_optimizer.py - log_message - 149 - Error calculating sqn_pct/cagr: ['pnl_comm']
2025-05-21 23:42:00,528 - ERROR - base_optimizer.py - log_message - 149 - Error calculating sqn_pct/cagr: ['pnl_comm']
2025-05-22 00:03:00,761 - ERROR - base_optimizer.py - log_message - 149 - Error calculating sqn_pct/cagr: ['pnl_comm']
2025-05-22 00:45:51,392 - ERROR - base_optimizer.py - log_message - 149 - Error calculating sqn_pct/cagr: ['pnl_comm']
2025-05-22 01:07:03,471 - ERROR - base_optimizer.py - log_message - 149 - Error calculating sqn_pct/cagr: ['pnl_comm']
2025-05-22 01:28:00,750 - ERROR - base_optimizer.py - log_message - 149 - Error calculating sqn_pct/cagr: ['pnl_comm']
2025-05-22 01:49:22,344 - ERROR - base_optimizer.py - log_message - 149 - Error calculating sqn_pct/cagr: ['pnl_comm']
2025-05-22 01:58:37,887 - ERROR - base_optimizer.py - log_message - 149 - Error calculating sqn_pct/cagr: ['pnl_comm']
2025-05-22 02:07:25,407 - ERROR - base_optimizer.py - log_message - 149 - Error calculating sqn_pct/cagr: ['pnl_comm']
2025-05-22 02:15:58,642 - ERROR - base_optimizer.py - log_message - 149 - Error calculating sqn_pct/cagr: ['pnl_comm']
2025-05-22 02:30:07,928 - ERROR - base_optimizer.py - log_message - 149 - Error calculating sqn_pct/cagr: ['pnl_comm']
2025-05-22 02:39:33,214 - ERROR - base_optimizer.py - log_message - 149 - Error calculating sqn_pct/cagr: ['pnl_comm']
2025-05-22 02:48:23,714 - ERROR - base_optimizer.py - log_message - 149 - Error calculating sqn_pct/cagr: ['pnl_comm']
2025-05-22 02:57:08,090 - ERROR - base_optimizer.py - log_message - 149 - Error calculating sqn_pct/cagr: ['pnl_comm']
2025-05-22 17:56:17,032 - ERROR - base_optimizer.py - log_message - 149 - Error calculating sqn_pct/cagr: ['pnl_comm']
2025-05-22 19:05:54,800 - ERROR - base_optimizer.py - log_message - 149 - Error calculating sqn_pct/cagr: ['pnl_comm']
2025-05-23 12:08:29,953 - ERROR - base_optimizer.py - log_message - 149 - Error calculating sqn_pct/cagr: ['pnl_comm']
2025-05-23 13:16:50,150 - ERROR - base_optimizer.py - log_message - 149 - Error calculating sqn_pct/cagr: ['pnl_comm']
2025-05-23 14:26:14,782 - ERROR - base_optimizer.py - log_message - 149 - Error calculating sqn_pct/cagr: ['pnl_comm']
2025-05-23 17:02:14,870 - ERROR - base_optimizer.py - log_message - 149 - Error calculating sqn_pct/cagr: ['pnl_comm']
2025-05-23 18:10:30,070 - ERROR - base_optimizer.py - log_message - 149 - Error calculating sqn_pct/cagr: ['pnl_comm']
